CRITICAL - 2025-11-13 09:31:54 --> Error: Class "Locale" not found
[Method: GET, Route: /]
in SYSTEMPATH/CodeIgniter.php on line 189.
 1 SYSTEMPATH/Boot.php(321): CodeIgniter\CodeIgniter->initialize()
 2 SYSTEMPATH/Boot.php(101): CodeIgniter\Boot::initializeCodeIgniter()
 3 ROOTPATH/spark(87): CodeIgniter\Boot::bootSpark(Object(Config\Paths))
CRITICAL - 2025-11-13 09:31:54 --> ErrorException: Uncaught Error: Class "Locale" not found in /Users/fairuziiszam/Documents/Projects/Leony-BWL/vendor/codeigniter4/framework/system/I18n/TimeTrait.php:76
Stack trace:
#0 /Users/fairuziiszam/Documents/Projects/Leony-BWL/vendor/codeigniter4/framework/system/I18n/TimeTrait.php(117): CodeIgniter\I18n\Time->__construct(NULL, NULL, NULL)
#1 /Users/fairuziiszam/Documents/Projects/Leony-BWL/vendor/codeigniter4/framework/system/HTTP/ResponseTrait.php(398): CodeIgniter\I18n\Time::now()
#2 /Users/fairuziiszam/Documents/Projects/Leony-BWL/vendor/codeigniter4/framework/system/HTTP/ResponseTrait.php(376): CodeIgniter\HTTP\Response->sendHeaders()
#3 /Users/fairuziiszam/Documents/Projects/Leony-BWL/vendor/codeigniter4/framework/system/Debug/ExceptionHandler.php(85): CodeIgniter\HTTP\Response->send()
#4 /Users/fairuziiszam/Documents/Projects/Leony-BWL/vendor/codeigniter4/framework/system/Debug/Exceptions.php(162): CodeIgniter\Debug\ExceptionHandler->handle(Object(Error), Object(CodeIgniter\HTTP\IncomingRequest), Object(CodeIgniter\HTTP\Response), 500, 1)
#5 [internal function]: CodeIgniter\Debug\Exceptions->exceptionHandler(Object(Error))
#6 {main}
  thrown
【Previous Exception】
Error
Class "Locale" not found
#0 /Users/fairuziiszam/Documents/Projects/Leony-BWL/vendor/codeigniter4/framework/system/Boot.php(321): CodeIgniter\CodeIgniter->initialize()
#1 /Users/fairuziiszam/Documents/Projects/Leony-BWL/vendor/codeigniter4/framework/system/Boot.php(101): CodeIgniter\Boot::initializeCodeIgniter()
#2 /Users/fairuziiszam/Documents/Projects/Leony-BWL/spark(87): CodeIgniter\Boot::bootSpark(Object(Config\Paths))
#3 {main}
[Method: GET, Route: /]
in SYSTEMPATH/I18n/TimeTrait.php on line 76.
 1 [internal function]: CodeIgniter\Debug\Exceptions->shutdownHandler()
CRITICAL - 2025-11-13 09:42:46 --> Error: Class "Locale" not found
[Method: GET, Route: /]
in SYSTEMPATH/CodeIgniter.php on line 189.
 1 SYSTEMPATH/Boot.php(321): CodeIgniter\CodeIgniter->initialize()
 2 SYSTEMPATH/Boot.php(101): CodeIgniter\Boot::initializeCodeIgniter()
 3 ROOTPATH/spark(87): CodeIgniter\Boot::bootSpark(Object(Config\Paths))
CRITICAL - 2025-11-13 09:42:46 --> ErrorException: Uncaught Error: Class "Locale" not found in /Users/fairuziiszam/Documents/Projects/Leony-BWL/vendor/codeigniter4/framework/system/I18n/TimeTrait.php:76
Stack trace:
#0 /Users/fairuziiszam/Documents/Projects/Leony-BWL/vendor/codeigniter4/framework/system/I18n/TimeTrait.php(117): CodeIgniter\I18n\Time->__construct(NULL, NULL, NULL)
#1 /Users/fairuziiszam/Documents/Projects/Leony-BWL/vendor/codeigniter4/framework/system/HTTP/ResponseTrait.php(398): CodeIgniter\I18n\Time::now()
#2 /Users/fairuziiszam/Documents/Projects/Leony-BWL/vendor/codeigniter4/framework/system/HTTP/ResponseTrait.php(376): CodeIgniter\HTTP\Response->sendHeaders()
#3 /Users/fairuziiszam/Documents/Projects/Leony-BWL/vendor/codeigniter4/framework/system/Debug/ExceptionHandler.php(85): CodeIgniter\HTTP\Response->send()
#4 /Users/fairuziiszam/Documents/Projects/Leony-BWL/vendor/codeigniter4/framework/system/Debug/Exceptions.php(162): CodeIgniter\Debug\ExceptionHandler->handle(Object(Error), Object(CodeIgniter\HTTP\IncomingRequest), Object(CodeIgniter\HTTP\Response), 500, 1)
#5 [internal function]: CodeIgniter\Debug\Exceptions->exceptionHandler(Object(Error))
#6 {main}
  thrown
【Previous Exception】
Error
Class "Locale" not found
#0 /Users/fairuziiszam/Documents/Projects/Leony-BWL/vendor/codeigniter4/framework/system/Boot.php(321): CodeIgniter\CodeIgniter->initialize()
#1 /Users/fairuziiszam/Documents/Projects/Leony-BWL/vendor/codeigniter4/framework/system/Boot.php(101): CodeIgniter\Boot::initializeCodeIgniter()
#2 /Users/fairuziiszam/Documents/Projects/Leony-BWL/spark(87): CodeIgniter\Boot::bootSpark(Object(Config\Paths))
#3 {main}
[Method: GET, Route: /]
in SYSTEMPATH/I18n/TimeTrait.php on line 76.
 1 [internal function]: CodeIgniter\Debug\Exceptions->shutdownHandler()
